<?xml version="1.0" encoding="UTF-8"?>
<testng-results ignored="0" total="1" passed="0" failed="1" skipped="0">
  <reporter-output>
    <line>
      <![CDATA[Launch Browser]]>
    </line>
    <line>
      <![CDATA[waiting...]]>
    </line>
    <line>
      <![CDATA[Click on gender button...]]>
    </line>
    <line>
      <![CDATA[click on next button...]]>
    </line>
    <line>
      <![CDATA[Handling age dropDown...]]>
    </line>
    <line>
      <![CDATA[click on next button...]]>
    </line>
    <line>
      <![CDATA[Enter a pinCode]]>
    </line>
    <line>
      <![CDATA[Enter the mobile number...]]>
    </line>
    <line>
      <![CDATA[Click on continue button.... ]]>
    </line>
    <line>
      <![CDATA[Getting policy count from text Result...]]>
    </line>
    <line>
      <![CDATA[Getting count from Banner...]]>
    </line>
    <line>
      <![CDATA[TCvalidatePolicyCountis failed]]>
    </line>
    <line>
      <![CDATA[ScreenShort Taken..]]>
    </line>
    <line>
      <![CDATA[closing browser]]>
    </line>
  </reporter-output>
  <suite started-at="2024-10-09T15:27:52 IST" name="Suite" finished-at="2024-10-09T15:28:11 IST" duration-ms="19143">
    <groups>
    </groups>
    <test started-at="2024-10-09T15:27:52 IST" name="Test" finished-at="2024-10-09T15:28:11 IST" duration-ms="19143">
      <class name="coverFoxTest.TC_123_CoverFox_ValidateBannnerCount">
        <test-method is-config="true" signature="openApplication()[pri:0, instance:coverFoxTest.TC_123_CoverFox_ValidateBannnerCount@70ed52de]" started-at="2024-10-09T15:27:52 IST" name="openApplication" finished-at="2024-10-09T15:27:58 IST" duration-ms="5935" status="PASS">
          <reporter-output>
            <line>
              <![CDATA[Launch Browser]]>
            </line>
            <line>
              <![CDATA[waiting...]]>
            </line>
          </reporter-output>
        </test-method> <!-- openApplication -->
        <test-method is-config="true" signature="enterDetail()[pri:0, instance:coverFoxTest.TC_123_CoverFox_ValidateBannnerCount@70ed52de]" started-at="2024-10-09T15:27:58 IST" name="enterDetail" finished-at="2024-10-09T15:28:08 IST" duration-ms="10786" status="PASS">
          <reporter-output>
            <line>
              <![CDATA[Click on gender button...]]>
            </line>
            <line>
              <![CDATA[click on next button...]]>
            </line>
            <line>
              <![CDATA[Handling age dropDown...]]>
            </line>
            <line>
              <![CDATA[click on next button...]]>
            </line>
            <line>
              <![CDATA[Enter a pinCode]]>
            </line>
            <line>
              <![CDATA[Enter the mobile number...]]>
            </line>
            <line>
              <![CDATA[Click on continue button.... ]]>
            </line>
          </reporter-output>
        </test-method> <!-- enterDetail -->
        <test-method signature="validatePolicyCount()[pri:0, instance:coverFoxTest.TC_123_CoverFox_ValidateBannnerCount@70ed52de]" started-at="2024-10-09T15:28:08 IST" name="validatePolicyCount" finished-at="2024-10-09T15:28:08 IST" duration-ms="101" status="FAIL">
          <exception class="java.lang.AssertionError">
            <message>
              <![CDATA[null]]>
            </message>
            <full-stacktrace>
              <![CDATA[java.lang.AssertionError: null
at org.testng.Assert.fail(Assert.java:111)
at org.testng.Assert.fail(Assert.java:116)
at coverFoxTest.TC_123_CoverFox_ValidateBannnerCount.validatePolicyCount(TC_123_CoverFox_ValidateBannnerCount.java:78)
at java.base/jdk.internal.reflect.DirectMethodHandleAccessor.invoke(DirectMethodHandleAccessor.java:103)
at java.base/java.lang.reflect.Method.invoke(Method.java:580)
at org.testng.internal.invokers.MethodInvocationHelper.invokeMethod(MethodInvocationHelper.java:141)
at org.testng.internal.invokers.TestInvoker.invokeMethod(TestInvoker.java:686)
at org.testng.internal.invokers.TestInvoker.invokeTestMethod(TestInvoker.java:230)
at org.testng.internal.invokers.MethodRunner.runInSequence(MethodRunner.java:63)
at org.testng.internal.invokers.TestInvoker$MethodInvocationAgent.invoke(TestInvoker.java:992)
at org.testng.internal.invokers.TestInvoker.invokeTestMethods(TestInvoker.java:203)
at org.testng.internal.invokers.TestMethodWorker.invokeTestMethods(TestMethodWorker.java:154)
at org.testng.internal.invokers.TestMethodWorker.run(TestMethodWorker.java:134)
at java.base/java.util.ArrayList.forEach(ArrayList.java:1597)
at org.testng.TestRunner.privateRun(TestRunner.java:739)
at org.testng.TestRunner.run(TestRunner.java:614)
at org.testng.SuiteRunner.runTest(SuiteRunner.java:421)
at org.testng.SuiteRunner.runSequentially(SuiteRunner.java:413)
at org.testng.SuiteRunner.privateRun(SuiteRunner.java:373)
at org.testng.SuiteRunner.run(SuiteRunner.java:312)
at org.testng.SuiteRunnerWorker.runSuite(SuiteRunnerWorker.java:52)
at org.testng.SuiteRunnerWorker.run(SuiteRunnerWorker.java:95)
at org.testng.TestNG.runSuitesSequentially(TestNG.java:1274)
at org.testng.TestNG.runSuitesLocally(TestNG.java:1208)
at org.testng.TestNG.runSuites(TestNG.java:1112)
at org.testng.TestNG.run(TestNG.java:1079)
at org.testng.remote.AbstractRemoteTestNG.run(AbstractRemoteTestNG.java:115)
at org.testng.remote.RemoteTestNG.initAndRun(RemoteTestNG.java:293)
at org.testng.remote.RemoteTestNG.main(RemoteTestNG.java:91)
]]>
            </full-stacktrace>
          </exception> <!-- java.lang.AssertionError -->
          <reporter-output>
            <line>
              <![CDATA[Getting policy count from text Result...]]>
            </line>
            <line>
              <![CDATA[Getting count from Banner...]]>
            </line>
            <line>
              <![CDATA[TCvalidatePolicyCountis failed]]>
            </line>
            <line>
              <![CDATA[ScreenShort Taken..]]>
            </line>
          </reporter-output>
        </test-method> <!-- validatePolicyCount -->
        <test-method is-config="true" signature="closeApplication()[pri:0, instance:coverFoxTest.TC_123_CoverFox_ValidateBannnerCount@70ed52de]" started-at="2024-10-09T15:28:09 IST" name="closeApplication" finished-at="2024-10-09T15:28:11 IST" duration-ms="1982" status="PASS">
          <reporter-output>
            <line>
              <![CDATA[closing browser]]>
            </line>
          </reporter-output>
        </test-method> <!-- closeApplication -->
      </class> <!-- coverFoxTest.TC_123_CoverFox_ValidateBannnerCount -->
    </test> <!-- Test -->
  </suite> <!-- Suite -->
</testng-results>
